0 info it worked if it ends with ok
1 verbose cli [ '/usr/bin/node', '/usr/bin/npm', 'install', 'express.js' ]
2 info using npm@3.10.10
3 info using node@v6.11.2
4 silly loadCurrentTree Starting
5 silly install loadCurrentTree
6 silly install readLocalPackageData
7 silly fetchPackageMetaData express.js
8 silly fetchOtherPackageData express.js
9 silly cache add args [ 'express.js', null ]
10 verbose cache add spec express.js
11 silly cache add parsed spec Result {
11 silly cache add   raw: 'express.js',
11 silly cache add   scope: null,
11 silly cache add   escapedName: 'express.js',
11 silly cache add   name: null,
11 silly cache add   rawSpec: 'express.js',
11 silly cache add   spec: '/home/lauxx265/csci4453/lab-7-tabasco-join-this-team-roch/public/express.js',
11 silly cache add   type: 'local' }
12 silly addLocalTarball shasum (computed) 6e6fd9ed238d1cd2e06811e5a7b8d7b5e29d5213
13 verbose addTmpTarball /home/lauxx265/csci4453/lab-7-tabasco-join-this-team-roch/public/express.js not in flight; adding
14 verbose correctMkdir /home/lauxx265/.npm correctMkdir not in flight; initializing
15 verbose addTmpTarball validating metadata from /home/lauxx265/csci4453/lab-7-tabasco-join-this-team-roch/public/express.js
16 verbose tar unpack /home/lauxx265/csci4453/lab-7-tabasco-join-this-team-roch/public/express.js
17 verbose tar unpacking to /tmp/npm-29523-88357de4/unpack-d6436706
18 silly gentlyRm /tmp/npm-29523-88357de4/unpack-d6436706 is being purged
19 verbose gentlyRm don't care about contents; nuking /tmp/npm-29523-88357de4/unpack-d6436706
20 silly gunzTarPerm modes [ '711', '600' ]
21 error not a package /home/lauxx265/csci4453/lab-7-tabasco-join-this-team-roch/public/express.js
22 error addLocal Could not install /home/lauxx265/csci4453/lab-7-tabasco-join-this-team-roch/public/express.js
23 silly fetchPackageMetaData Error: ENOENT: no such file or directory, open '/tmp/npm-29523-88357de4/unpack-d6436706/package.json'
23 silly fetchPackageMetaData     at Error (native)
23 silly fetchPackageMetaData  error for express.js { Error: ENOENT: no such file or directory, open '/tmp/npm-29523-88357de4/unpack-d6436706/package.json'
23 silly fetchPackageMetaData     at Error (native)
23 silly fetchPackageMetaData   errno: -2,
23 silly fetchPackageMetaData   code: 'ENOENT',
23 silly fetchPackageMetaData   syscall: 'open',
23 silly fetchPackageMetaData   path: '/tmp/npm-29523-88357de4/unpack-d6436706/package.json' }
24 silly rollbackFailedOptional Starting
25 silly rollbackFailedOptional Finishing
26 silly runTopLevelLifecycles Finishing
27 silly install printInstalled
28 verbose stack Error: ENOENT: no such file or directory, open '/tmp/npm-29523-88357de4/unpack-d6436706/package.json'
28 verbose stack     at Error (native)
29 verbose cwd /home/lauxx265/csci4453/lab-7-tabasco-join-this-team-roch/public
30 error Linux 4.11.12-200.fc25.x86_64
31 error argv "/usr/bin/node" "/usr/bin/npm" "install" "express.js"
32 error node v6.11.2
33 error npm  v3.10.10
34 error path /tmp/npm-29523-88357de4/unpack-d6436706/package.json
35 error code ENOENT
36 error errno -2
37 error syscall open
38 error enoent ENOENT: no such file or directory, open '/tmp/npm-29523-88357de4/unpack-d6436706/package.json'
39 error enoent ENOENT: no such file or directory, open '/tmp/npm-29523-88357de4/unpack-d6436706/package.json'
39 error enoent This is most likely not a problem with npm itself
39 error enoent and is related to npm not being able to find a file.
40 verbose exit [ -2, true ]
